## Footprint report - date 01/24/21 18:57:14
## Created by Pcbnew version kicad (5.1.6)-1
## Unit = mm, Angle = deg.

$BeginDESCRIPTION

$BOARD
upper_left_corner 79.873476 35.560000
lower_right_corner 111.642524 94.130000
$EndBOARD

$MODULE "H4"
reference "H4"
value "MountingHole_Pad"
footprint "MountingHole:MountingHole_2.2mm_M2_Pad_Via"
attribut virtual
position 104.758000 86.900000  orientation 0.00
layer front
$PAD "1"
Shape Circle Layer both
position  1.166726 -1.166726  size  0.700000  0.700000  orientation 0.00
drill  0.400000
shape_offset  0.000000  0.000000
$EndPAD
$PAD "1"
Shape Circle Layer both
position  0.000000 -1.650000  size  0.700000  0.700000  orientation 0.00
drill  0.400000
shape_offset  0.000000  0.000000
$EndPAD
$PAD "1"
Shape Circle Layer both
position -1.166726 -1.166726  size  0.700000  0.700000  orientation 0.00
drill  0.400000
shape_offset  0.000000  0.000000
$EndPAD
$PAD "1"
Shape Circle Layer both
position -1.650000  0.000000  size  0.700000  0.700000  orientation 0.00
drill  0.400000
shape_offset  0.000000  0.000000
$EndPAD
$PAD "1"
Shape Circle Layer both
position -1.166726  1.166726  size  0.700000  0.700000  orientation 0.00
drill  0.400000
shape_offset  0.000000  0.000000
$EndPAD
$PAD "1"
Shape Circle Layer both
position  0.000000  1.650000  size  0.700000  0.700000  orientation 0.00
drill  0.400000
shape_offset  0.000000  0.000000
$EndPAD
$PAD "1"
Shape Circle Layer both
position  1.166726  1.166726  size  0.700000  0.700000  orientation 0.00
drill  0.400000
shape_offset  0.000000  0.000000
$EndPAD
$PAD "1"
Shape Circle Layer both
position  1.650000  0.000000  size  0.700000  0.700000  orientation 0.00
drill  0.400000
shape_offset  0.000000  0.000000
$EndPAD
$PAD "1"
Shape Circle Layer both
position  0.000000  0.000000  size  4.400000  4.400000  orientation 0.00
drill  2.200000
shape_offset  0.000000  0.000000
$EndPAD
$EndMODULE  H4

$MODULE "H3"
reference "H3"
value "MountingHole_Pad"
footprint "MountingHole:MountingHole_2.2mm_M2_Pad_Via"
attribut virtual
position 104.758000 44.900000  orientation 0.00
layer front
$PAD "1"
Shape Circle Layer both
position  1.166726 -1.166726  size  0.700000  0.700000  orientation 0.00
drill  0.400000
shape_offset  0.000000  0.000000
$EndPAD
$PAD "1"
Shape Circle Layer both
position  0.000000 -1.650000  size  0.700000  0.700000  orientation 0.00
drill  0.400000
shape_offset  0.000000  0.000000
$EndPAD
$PAD "1"
Shape Circle Layer both
position -1.166726 -1.166726  size  0.700000  0.700000  orientation 0.00
drill  0.400000
shape_offset  0.000000  0.000000
$EndPAD
$PAD "1"
Shape Circle Layer both
position -1.650000  0.000000  size  0.700000  0.700000  orientation 0.00
drill  0.400000
shape_offset  0.000000  0.000000
$EndPAD
$PAD "1"
Shape Circle Layer both
position -1.166726  1.166726  size  0.700000  0.700000  orientation 0.00
drill  0.400000
shape_offset  0.000000  0.000000
$EndPAD
$PAD "1"
Shape Circle Layer both
position  0.000000  1.650000  size  0.700000  0.700000  orientation 0.00
drill  0.400000
shape_offset  0.000000  0.000000
$EndPAD
$PAD "1"
Shape Circle Layer both
position  1.166726  1.166726  size  0.700000  0.700000  orientation 0.00
drill  0.400000
shape_offset  0.000000  0.000000
$EndPAD
$PAD "1"
Shape Circle Layer both
position  1.650000  0.000000  size  0.700000  0.700000  orientation 0.00
drill  0.400000
shape_offset  0.000000  0.000000
$EndPAD
$PAD "1"
Shape Circle Layer both
position  0.000000  0.000000  size  4.400000  4.400000  orientation 0.00
drill  2.200000
shape_offset  0.000000  0.000000
$EndPAD
$EndMODULE  H3

$MODULE "H2"
reference "H2"
value "MountingHole_Pad"
footprint "MountingHole:MountingHole_2.2mm_M2_Pad_Via"
attribut virtual
position 86.758000 86.900000  orientation 0.00
layer front
$PAD "1"
Shape Circle Layer both
position  1.166726 -1.166726  size  0.700000  0.700000  orientation 0.00
drill  0.400000
shape_offset  0.000000  0.000000
$EndPAD
$PAD "1"
Shape Circle Layer both
position  0.000000 -1.650000  size  0.700000  0.700000  orientation 0.00
drill  0.400000
shape_offset  0.000000  0.000000
$EndPAD
$PAD "1"
Shape Circle Layer both
position -1.166726 -1.166726  size  0.700000  0.700000  orientation 0.00
drill  0.400000
shape_offset  0.000000  0.000000
$EndPAD
$PAD "1"
Shape Circle Layer both
position -1.650000  0.000000  size  0.700000  0.700000  orientation 0.00
drill  0.400000
shape_offset  0.000000  0.000000
$EndPAD
$PAD "1"
Shape Circle Layer both
position -1.166726  1.166726  size  0.700000  0.700000  orientation 0.00
drill  0.400000
shape_offset  0.000000  0.000000
$EndPAD
$PAD "1"
Shape Circle Layer both
position  0.000000  1.650000  size  0.700000  0.700000  orientation 0.00
drill  0.400000
shape_offset  0.000000  0.000000
$EndPAD
$PAD "1"
Shape Circle Layer both
position  1.166726  1.166726  size  0.700000  0.700000  orientation 0.00
drill  0.400000
shape_offset  0.000000  0.000000
$EndPAD
$PAD "1"
Shape Circle Layer both
position  1.650000  0.000000  size  0.700000  0.700000  orientation 0.00
drill  0.400000
shape_offset  0.000000  0.000000
$EndPAD
$PAD "1"
Shape Circle Layer both
position  0.000000  0.000000  size  4.400000  4.400000  orientation 0.00
drill  2.200000
shape_offset  0.000000  0.000000
$EndPAD
$EndMODULE  H2

$MODULE "H1"
reference "H1"
value "MountingHole_Pad"
footprint "MountingHole:MountingHole_2.2mm_M2_Pad_Via"
attribut virtual
position 86.758000 44.900000  orientation 0.00
layer front
$PAD "1"
Shape Circle Layer both
position  1.166726 -1.166726  size  0.700000  0.700000  orientation 0.00
drill  0.400000
shape_offset  0.000000  0.000000
$EndPAD
$PAD "1"
Shape Circle Layer both
position  0.000000 -1.650000  size  0.700000  0.700000  orientation 0.00
drill  0.400000
shape_offset  0.000000  0.000000
$EndPAD
$PAD "1"
Shape Circle Layer both
position -1.166726 -1.166726  size  0.700000  0.700000  orientation 0.00
drill  0.400000
shape_offset  0.000000  0.000000
$EndPAD
$PAD "1"
Shape Circle Layer both
position -1.650000  0.000000  size  0.700000  0.700000  orientation 0.00
drill  0.400000
shape_offset  0.000000  0.000000
$EndPAD
$PAD "1"
Shape Circle Layer both
position -1.166726  1.166726  size  0.700000  0.700000  orientation 0.00
drill  0.400000
shape_offset  0.000000  0.000000
$EndPAD
$PAD "1"
Shape Circle Layer both
position  0.000000  1.650000  size  0.700000  0.700000  orientation 0.00
drill  0.400000
shape_offset  0.000000  0.000000
$EndPAD
$PAD "1"
Shape Circle Layer both
position  1.166726  1.166726  size  0.700000  0.700000  orientation 0.00
drill  0.400000
shape_offset  0.000000  0.000000
$EndPAD
$PAD "1"
Shape Circle Layer both
position  1.650000  0.000000  size  0.700000  0.700000  orientation 0.00
drill  0.400000
shape_offset  0.000000  0.000000
$EndPAD
$PAD "1"
Shape Circle Layer both
position  0.000000  0.000000  size  4.400000  4.400000  orientation 0.00
drill  2.200000
shape_offset  0.000000  0.000000
$EndPAD
$EndMODULE  H1

$MODULE "Q3"
reference "Q3"
value "S8050"
footprint "Package_TO_SOT_SMD:SOT-23"
attribut smd
position 92.456000 47.244000  orientation 0.00
layer front
$PAD "3"
Shape Rect Layer front
position  1.000000  0.000000  size  0.900000  0.800000  orientation 0.00
drill  0.000000
shape_offset  0.000000  0.000000
$EndPAD
$PAD "2"
Shape Rect Layer front
position -1.000000  0.950000  size  0.900000  0.800000  orientation 0.00
drill  0.000000
shape_offset  0.000000  0.000000
$EndPAD
$PAD "1"
Shape Rect Layer front
position -1.000000 -0.950000  size  0.900000  0.800000  orientation 0.00
drill  0.000000
shape_offset  0.000000  0.000000
$EndPAD
$EndMODULE  Q3

$MODULE "Q2"
reference "Q2"
value "S8050"
footprint "Package_TO_SOT_SMD:SOT-23"
attribut smd
position 97.520000 47.244000  orientation 0.00
layer front
$PAD "3"
Shape Rect Layer front
position  1.000000  0.000000  size  0.900000  0.800000  orientation 0.00
drill  0.000000
shape_offset  0.000000  0.000000
$EndPAD
$PAD "2"
Shape Rect Layer front
position -1.000000  0.950000  size  0.900000  0.800000  orientation 0.00
drill  0.000000
shape_offset  0.000000  0.000000
$EndPAD
$PAD "1"
Shape Rect Layer front
position -1.000000 -0.950000  size  0.900000  0.800000  orientation 0.00
drill  0.000000
shape_offset  0.000000  0.000000
$EndPAD
$EndMODULE  Q2

$MODULE "U3"
reference "U3"
value "ATtiny412-SS"
footprint "Package_SO:SOIC-8_3.9x4.9mm_P1.27mm"
attribut smd
position 95.758000 65.532000  orientation 0.00
layer front
$PAD "8"
Shape Roundrect Layer front
position  2.475000 -1.905000  size  1.950000  0.600000  orientation 0.00
drill  0.000000
shape_offset  0.000000  0.000000
$EndPAD
$PAD "7"
Shape Roundrect Layer front
position  2.475000 -0.635000  size  1.950000  0.600000  orientation 0.00
drill  0.000000
shape_offset  0.000000  0.000000
$EndPAD
$PAD "6"
Shape Roundrect Layer front
position  2.475000  0.635000  size  1.950000  0.600000  orientation 0.00
drill  0.000000
shape_offset  0.000000  0.000000
$EndPAD
$PAD "5"
Shape Roundrect Layer front
position  2.475000  1.905000  size  1.950000  0.600000  orientation 0.00
drill  0.000000
shape_offset  0.000000  0.000000
$EndPAD
$PAD "4"
Shape Roundrect Layer front
position -2.475000  1.905000  size  1.950000  0.600000  orientation 0.00
drill  0.000000
shape_offset  0.000000  0.000000
$EndPAD
$PAD "3"
Shape Roundrect Layer front
position -2.475000  0.635000  size  1.950000  0.600000  orientation 0.00
drill  0.000000
shape_offset  0.000000  0.000000
$EndPAD
$PAD "2"
Shape Roundrect Layer front
position -2.475000 -0.635000  size  1.950000  0.600000  orientation 0.00
drill  0.000000
shape_offset  0.000000  0.000000
$EndPAD
$PAD "1"
Shape Roundrect Layer front
position -2.475000 -1.905000  size  1.950000  0.600000  orientation 0.00
drill  0.000000
shape_offset  0.000000  0.000000
$EndPAD
$EndMODULE  U3

$MODULE "U2"
reference "U2"
value "DW01"
footprint "Package_TO_SOT_SMD:SOT-23-6"
attribut smd
position 98.044000 75.692000  orientation 0.00
layer front
$PAD "5"
Shape Rect Layer front
position  1.100000  0.000000  size  1.060000  0.650000  orientation 0.00
drill  0.000000
shape_offset  0.000000  0.000000
$EndPAD
$PAD "6"
Shape Rect Layer front
position  1.100000 -0.950000  size  1.060000  0.650000  orientation 0.00
drill  0.000000
shape_offset  0.000000  0.000000
$EndPAD
$PAD "4"
Shape Rect Layer front
position  1.100000  0.950000  size  1.060000  0.650000  orientation 0.00
drill  0.000000
shape_offset  0.000000  0.000000
$EndPAD
$PAD "3"
Shape Rect Layer front
position -1.100000  0.950000  size  1.060000  0.650000  orientation 0.00
drill  0.000000
shape_offset  0.000000  0.000000
$EndPAD
$PAD "2"
Shape Rect Layer front
position -1.100000  0.000000  size  1.060000  0.650000  orientation 0.00
drill  0.000000
shape_offset  0.000000  0.000000
$EndPAD
$PAD "1"
Shape Rect Layer front
position -1.100000 -0.950000  size  1.060000  0.650000  orientation 0.00
drill  0.000000
shape_offset  0.000000  0.000000
$EndPAD
$EndMODULE  U2

$MODULE "U1"
reference "U1"
value "TP4054"
footprint "Package_TO_SOT_SMD:SOT-23-5"
attribut smd
position 95.504000 81.534000  orientation 0.00
layer front
$PAD "5"
Shape Rect Layer front
position  1.100000 -0.950000  size  1.060000  0.650000  orientation 0.00
drill  0.000000
shape_offset  0.000000  0.000000
$EndPAD
$PAD "4"
Shape Rect Layer front
position  1.100000  0.950000  size  1.060000  0.650000  orientation 0.00
drill  0.000000
shape_offset  0.000000  0.000000
$EndPAD
$PAD "3"
Shape Rect Layer front
position -1.100000  0.950000  size  1.060000  0.650000  orientation 0.00
drill  0.000000
shape_offset  0.000000  0.000000
$EndPAD
$PAD "2"
Shape Rect Layer front
position -1.100000  0.000000  size  1.060000  0.650000  orientation 0.00
drill  0.000000
shape_offset  0.000000  0.000000
$EndPAD
$PAD "1"
Shape Rect Layer front
position -1.100000 -0.950000  size  1.060000  0.650000  orientation 0.00
drill  0.000000
shape_offset  0.000000  0.000000
$EndPAD
$EndMODULE  U1

$MODULE "SW4"
reference "SW4"
value "Switch_SW_Push"
footprint "infrared_remote:button_cheapo_ebay_smd"
attribut smd
position 95.123000 73.232800  orientation 180.00
layer back
$PAD "1"
Shape Rect Layer back
position  2.540000 -3.175000  size  3.000000  1.000000  orientation 0.00
drill  0.000000
shape_offset  0.000000  0.000000
$EndPAD
$PAD "2"
Shape Rect Layer back
position -3.810000 -3.175000  size  3.000000  1.000000  orientation 0.00
drill  0.000000
shape_offset  0.000000  0.000000
$EndPAD
$EndMODULE  SW4

$MODULE "SW3"
reference "SW3"
value "Switch_SW_Push"
footprint "infrared_remote:button_cheapo_ebay_smd"
attribut smd
position 95.123000 66.232800  orientation 180.00
layer back
$PAD "1"
Shape Rect Layer back
position  2.540000 -3.175000  size  3.000000  1.000000  orientation 0.00
drill  0.000000
shape_offset  0.000000  0.000000
$EndPAD
$PAD "2"
Shape Rect Layer back
position -3.810000 -3.175000  size  3.000000  1.000000  orientation 0.00
drill  0.000000
shape_offset  0.000000  0.000000
$EndPAD
$EndMODULE  SW3

$MODULE "SW2"
reference "SW2"
value "Switch_SW_Push"
footprint "infrared_remote:button_cheapo_ebay_smd"
attribut smd
position 95.123000 59.232800  orientation 180.00
layer back
$PAD "1"
Shape Rect Layer back
position  2.540000 -3.175000  size  3.000000  1.000000  orientation 0.00
drill  0.000000
shape_offset  0.000000  0.000000
$EndPAD
$PAD "2"
Shape Rect Layer back
position -3.810000 -3.175000  size  3.000000  1.000000  orientation 0.00
drill  0.000000
shape_offset  0.000000  0.000000
$EndPAD
$EndMODULE  SW2

$MODULE "SW1"
reference "SW1"
value "Switch_SW_Push"
footprint "infrared_remote:button_cheapo_ebay_smd"
attribut smd
position 95.123000 52.232800  orientation 180.00
layer back
$PAD "1"
Shape Rect Layer back
position  2.540000 -3.175000  size  3.000000  1.000000  orientation 0.00
drill  0.000000
shape_offset  0.000000  0.000000
$EndPAD
$PAD "2"
Shape Rect Layer back
position -3.810000 -3.175000  size  3.000000  1.000000  orientation 0.00
drill  0.000000
shape_offset  0.000000  0.000000
$EndPAD
$EndMODULE  SW1

$MODULE "R7"
reference "R7"
value "6.8"
footprint "Resistor_SMD:R_0805_2012Metric"
attribut smd
position 97.520000 52.578000  orientation 0.00
layer front
$PAD "2"
Shape Roundrect Layer front
position  0.937500  0.000000  size  0.975000  1.400000  orientation 0.00
drill  0.000000
shape_offset  0.000000  0.000000
$EndPAD
$PAD "1"
Shape Roundrect Layer front
position -0.937500  0.000000  size  0.975000  1.400000  orientation 0.00
drill  0.000000
shape_offset  0.000000  0.000000
$EndPAD
$EndMODULE  R7

$MODULE "R6"
reference "R6"
value "1k"
footprint "Resistor_SMD:R_0805_2012Metric"
attribut smd
position 92.456000 52.578000  orientation 180.00
layer front
$PAD "2"
Shape Roundrect Layer front
position  0.937500  0.000000  size  0.975000  1.400000  orientation 0.00
drill  0.000000
shape_offset  0.000000  0.000000
$EndPAD
$PAD "1"
Shape Roundrect Layer front
position -0.937500  0.000000  size  0.975000  1.400000  orientation 0.00
drill  0.000000
shape_offset  0.000000  0.000000
$EndPAD
$EndMODULE  R6

$MODULE "R5"
reference "R5"
value "4.7k"
footprint "Resistor_SMD:R_0805_2012Metric"
attribut smd
position 95.758000 70.436500  orientation 90.00
layer front
$PAD "2"
Shape Roundrect Layer front
position  0.937500  0.000000  size  0.975000  1.400000  orientation 0.00
drill  0.000000
shape_offset  0.000000  0.000000
$EndPAD
$PAD "1"
Shape Roundrect Layer front
position -0.937500  0.000000  size  0.975000  1.400000  orientation 0.00
drill  0.000000
shape_offset  0.000000  0.000000
$EndPAD
$EndMODULE  R5

$MODULE "R4"
reference "R4"
value "1.8k"
footprint "Resistor_SMD:R_0805_2012Metric"
attribut smd
position 87.630000 81.534000  orientation 270.00
layer front
$PAD "2"
Shape Roundrect Layer front
position  0.937500  0.000000  size  0.975000  1.400000  orientation 0.00
drill  0.000000
shape_offset  0.000000  0.000000
$EndPAD
$PAD "1"
Shape Roundrect Layer front
position -0.937500  0.000000  size  0.975000  1.400000  orientation 0.00
drill  0.000000
shape_offset  0.000000  0.000000
$EndPAD
$EndMODULE  R4

$MODULE "R3"
reference "R3"
value "2k"
footprint "Resistor_SMD:R_0805_2012Metric"
attribut smd
position 89.154000 75.692000  orientation 90.00
layer front
$PAD "2"
Shape Roundrect Layer front
position  0.937500  0.000000  size  0.975000  1.400000  orientation 0.00
drill  0.000000
shape_offset  0.000000  0.000000
$EndPAD
$PAD "1"
Shape Roundrect Layer front
position -0.937500  0.000000  size  0.975000  1.400000  orientation 0.00
drill  0.000000
shape_offset  0.000000  0.000000
$EndPAD
$EndMODULE  R3

$MODULE "R2"
reference "R2"
value "1k"
footprint "Resistor_SMD:R_0805_2012Metric"
attribut smd
position 90.932000 81.534000  orientation 270.00
layer front
$PAD "2"
Shape Roundrect Layer front
position  0.937500  0.000000  size  0.975000  1.400000  orientation 0.00
drill  0.000000
shape_offset  0.000000  0.000000
$EndPAD
$PAD "1"
Shape Roundrect Layer front
position -0.937500  0.000000  size  0.975000  1.400000  orientation 0.00
drill  0.000000
shape_offset  0.000000  0.000000
$EndPAD
$EndMODULE  R2

$MODULE "R1"
reference "R1"
value "470"
footprint "Resistor_SMD:R_0805_2012Metric"
attribut smd
position 103.504000 81.534000  orientation 270.00
layer front
$PAD "2"
Shape Roundrect Layer front
position  0.937500  0.000000  size  0.975000  1.400000  orientation 0.00
drill  0.000000
shape_offset  0.000000  0.000000
$EndPAD
$PAD "1"
Shape Roundrect Layer front
position -0.937500  0.000000  size  0.975000  1.400000  orientation 0.00
drill  0.000000
shape_offset  0.000000  0.000000
$EndPAD
$EndMODULE  R1

$MODULE "Q1"
reference "Q1"
value "FS8205"
footprint "Package_TO_SOT_SMD:SOT-23-6"
attribut smd
position 93.218000 75.692000  orientation 0.00
layer front
$PAD "5"
Shape Rect Layer front
position  1.100000  0.000000  size  1.060000  0.650000  orientation 0.00
drill  0.000000
shape_offset  0.000000  0.000000
$EndPAD
$PAD "6"
Shape Rect Layer front
position  1.100000 -0.950000  size  1.060000  0.650000  orientation 0.00
drill  0.000000
shape_offset  0.000000  0.000000
$EndPAD
$PAD "4"
Shape Rect Layer front
position  1.100000  0.950000  size  1.060000  0.650000  orientation 0.00
drill  0.000000
shape_offset  0.000000  0.000000
$EndPAD
$PAD "3"
Shape Rect Layer front
position -1.100000  0.950000  size  1.060000  0.650000  orientation 0.00
drill  0.000000
shape_offset  0.000000  0.000000
$EndPAD
$PAD "2"
Shape Rect Layer front
position -1.100000  0.000000  size  1.060000  0.650000  orientation 0.00
drill  0.000000
shape_offset  0.000000  0.000000
$EndPAD
$PAD "1"
Shape Rect Layer front
position -1.100000 -0.950000  size  1.060000  0.650000  orientation 0.00
drill  0.000000
shape_offset  0.000000  0.000000
$EndPAD
$EndMODULE  Q1

$MODULE "J6"
reference "J6"
value "LED_socket"
footprint "Connector_PinSocket_2.54mm:PinSocket_1x02_P2.54mm_Vertical"
attribut none
position 94.508000 40.640000  orientation 90.00
layer front
$PAD "2"
Shape Oval Layer both
position  0.000000  2.540000  size  1.700000  1.700000  orientation 0.00
drill  1.000000
shape_offset  0.000000  0.000000
$EndPAD
$PAD "1"
Shape Rect Layer both
position  0.000000  0.000000  size  1.700000  1.700000  orientation 0.00
drill  1.000000
shape_offset  0.000000  0.000000
$EndPAD
$EndMODULE  J6

$MODULE "J5"
reference "J5"
value "Conn_01x02"
footprint "Connector_PinSocket_2.54mm:PinSocket_1x02_P2.54mm_Vertical"
attribut none
position 103.378000 67.056000  orientation 180.00
layer front
$PAD "2"
Shape Oval Layer both
position  0.000000  2.540000  size  1.700000  1.700000  orientation 0.00
drill  1.000000
shape_offset  0.000000  0.000000
$EndPAD
$PAD "1"
Shape Rect Layer both
position  0.000000  0.000000  size  1.700000  1.700000  orientation 0.00
drill  1.000000
shape_offset  0.000000  0.000000
$EndPAD
$EndMODULE  J5

$MODULE "J4"
reference "J4"
value "Conn_01x02"
footprint "Connector_PinSocket_2.54mm:PinSocket_1x02_P2.54mm_Vertical"
attribut none
position 88.138000 67.056000  orientation 180.00
layer front
$PAD "2"
Shape Oval Layer both
position  0.000000  2.540000  size  1.700000  1.700000  orientation 0.00
drill  1.000000
shape_offset  0.000000  0.000000
$EndPAD
$PAD "1"
Shape Rect Layer both
position  0.000000  0.000000  size  1.700000  1.700000  orientation 0.00
drill  1.000000
shape_offset  0.000000  0.000000
$EndPAD
$EndMODULE  J4

$MODULE "J3"
reference "J3"
value "Battery"
footprint "Connector_PinSocket_2.54mm:PinSocket_1x02_P2.54mm_Vertical"
attribut none
position 88.188000 52.832000  orientation 0.00
layer front
$PAD "2"
Shape Oval Layer both
position  0.000000  2.540000  size  1.700000  1.700000  orientation 0.00
drill  1.000000
shape_offset  0.000000  0.000000
$EndPAD
$PAD "1"
Shape Rect Layer both
position  0.000000  0.000000  size  1.700000  1.700000  orientation 0.00
drill  1.000000
shape_offset  0.000000  0.000000
$EndPAD
$EndMODULE  J3

$MODULE "J2"
reference "J2"
value "Battery"
footprint "Connector_PinSocket_2.54mm:PinSocket_1x02_P2.54mm_Vertical"
attribut none
position 103.428000 52.832000  orientation 0.00
layer front
$PAD "2"
Shape Oval Layer both
position  0.000000  2.540000  size  1.700000  1.700000  orientation 0.00
drill  1.000000
shape_offset  0.000000  0.000000
$EndPAD
$PAD "1"
Shape Rect Layer both
position  0.000000  0.000000  size  1.700000  1.700000  orientation 0.00
drill  1.000000
shape_offset  0.000000  0.000000
$EndPAD
$EndMODULE  J2

$MODULE "J1"
reference "J1"
value "USB_B_Micro"
footprint "Connector_USB:USB_Micro-B_Molex-105017-0001"
attribut smd
position 95.758000 88.900000  orientation 0.00
layer front
$PAD "6"
Shape Rect Layer front
position -2.900000  1.237500  size  1.200000  1.900000  orientation 0.00
drill  0.000000
shape_offset  0.000000  0.000000
$EndPAD
$PAD "6"
Shape Rect Layer front
position  2.900000  1.237500  size  1.200000  1.900000  orientation 0.00
drill  0.000000
shape_offset  0.000000  0.000000
$EndPAD
$PAD "6"
Shape Oval Layer both
position  3.500000  1.237500  size  1.200000  1.900000  orientation 0.00
drill  0.600000
shape_offset  0.000000  0.000000
$EndPAD
$PAD "6"
Shape Oval Layer both
position -3.500000  1.237500  size  1.200000  1.900000  orientation 180.00
drill  0.600000
shape_offset  0.000000  0.000000
$EndPAD
$PAD "6"
Shape Rect Layer front
position -1.000000  1.237500  size  1.500000  1.900000  orientation 0.00
drill  0.000000
shape_offset  0.000000  0.000000
$EndPAD
$PAD "6"
Shape Circle Layer both
position  2.500000 -1.462500  size  1.450000  1.450000  orientation 0.00
drill  0.850000
shape_offset  0.000000  0.000000
$EndPAD
$PAD "3"
Shape Rect Layer front
position  0.000000 -1.462500  size  0.400000  1.350000  orientation 0.00
drill  0.000000
shape_offset  0.000000  0.000000
$EndPAD
$PAD "4"
Shape Rect Layer front
position  0.650000 -1.462500  size  0.400000  1.350000  orientation 0.00
drill  0.000000
shape_offset  0.000000  0.000000
$EndPAD
$PAD "5"
Shape Rect Layer front
position  1.300000 -1.462500  size  0.400000  1.350000  orientation 0.00
drill  0.000000
shape_offset  0.000000  0.000000
$EndPAD
$PAD "1"
Shape Rect Layer front
position -1.300000 -1.462500  size  0.400000  1.350000  orientation 0.00
drill  0.000000
shape_offset  0.000000  0.000000
$EndPAD
$PAD "2"
Shape Rect Layer front
position -0.650000 -1.462500  size  0.400000  1.350000  orientation 0.00
drill  0.000000
shape_offset  0.000000  0.000000
$EndPAD
$PAD "6"
Shape Circle Layer both
position -2.500000 -1.462500  size  1.450000  1.450000  orientation 0.00
drill  0.850000
shape_offset  0.000000  0.000000
$EndPAD
$PAD "6"
Shape Rect Layer front
position  1.000000  1.237500  size  1.500000  1.900000  orientation 0.00
drill  0.000000
shape_offset  0.000000  0.000000
$EndPAD
$EndMODULE  J1

$MODULE "D1"
reference "D1"
value "LED_Small"
footprint "LED_SMD:LED_0805_2012Metric_Pad1.15x1.40mm_HandSolder"
attribut smd
position 95.631000 81.026000  orientation 0.00
layer back
$PAD "2"
Shape Roundrect Layer back
position  1.025000  0.000000  size  1.150000  1.400000  orientation 0.00
drill  0.000000
shape_offset  0.000000  0.000000
$EndPAD
$PAD "1"
Shape Roundrect Layer back
position -1.025000  0.000000  size  1.150000  1.400000  orientation 0.00
drill  0.000000
shape_offset  0.000000  0.000000
$EndPAD
$EndMODULE  D1

$MODULE "C3"
reference "C3"
value "0.1u"
footprint "Capacitor_SMD:C_0805_2012Metric_Pad1.15x1.40mm_HandSolder"
attribut smd
position 95.758000 59.944000  orientation 180.00
layer front
$PAD "2"
Shape Roundrect Layer front
position  1.025000  0.000000  size  1.150000  1.400000  orientation 0.00
drill  0.000000
shape_offset  0.000000  0.000000
$EndPAD
$PAD "1"
Shape Roundrect Layer front
position -1.025000  0.000000  size  1.150000  1.400000  orientation 0.00
drill  0.000000
shape_offset  0.000000  0.000000
$EndPAD
$EndMODULE  C3

$MODULE "C2"
reference "C2"
value "0.1u"
footprint "Capacitor_SMD:C_0805_2012Metric_Pad1.15x1.40mm_HandSolder"
attribut smd
position 101.600000 75.692000  orientation 90.00
layer front
$PAD "2"
Shape Roundrect Layer front
position  1.025000  0.000000  size  1.150000  1.400000  orientation 0.00
drill  0.000000
shape_offset  0.000000  0.000000
$EndPAD
$PAD "1"
Shape Roundrect Layer front
position -1.025000  0.000000  size  1.150000  1.400000  orientation 0.00
drill  0.000000
shape_offset  0.000000  0.000000
$EndPAD
$EndMODULE  C2

$MODULE "C1"
reference "C1"
value "1u"
footprint "Capacitor_SMD:C_0805_2012Metric_Pad1.15x1.40mm_HandSolder"
attribut smd
position 100.004000 81.534000  orientation 90.00
layer front
$PAD "2"
Shape Roundrect Layer front
position  1.025000  0.000000  size  1.150000  1.400000  orientation 0.00
drill  0.000000
shape_offset  0.000000  0.000000
$EndPAD
$PAD "1"
Shape Roundrect Layer front
position -1.025000  0.000000  size  1.150000  1.400000  orientation 0.00
drill  0.000000
shape_offset  0.000000  0.000000
$EndPAD
$EndMODULE  C1

$EndDESCRIPTION
